{"level":"info","message":"Request received in controller/gurudwara.js fetchGurudwaras(...","service":"user-service"}
{"level":"info","message":"Request received in controller/gurudwara.js fetchGurudwaras(...","service":"user-service"}
{"level":"info","message":"Request received in controller/gurudwara.js fetchGurudwara(...","service":"user-service"}
{"level":"info","message":"Request received in controller/countries.js fetchCountries(...","service":"user-service"}
{"level":"info","message":"Request received in controller/countries.js fetchCountries(...","service":"user-service"}
{"level":"info","message":"Request received in controller/countries.js fetchCountries(...","service":"user-service"}
{"level":"error","message":"Error in controller/countries.js fetchCountries ReferenceError: resopnse is not defined","service":"user-service"}
{"level":"info","message":"Request received in controller/countries.js fetchCountries(...","service":"user-service"}
{"level":"info","message":"Request received in controller/countries.js fetchCountry(...","service":"user-service"}
{"level":"info","message":"Request received in controller/countries.js fetchStatesByCountry(...","service":"user-service"}
{"level":"error","message":"Error in controller/countries.js fetchStatesByCountry ReferenceError: response is not defined","service":"user-service"}
{"level":"info","message":"Request received in controller/countries.js fetchStatesByCountry(...","service":"user-service"}
{"level":"info","message":"Request received in controller/gurudwara.js fetchGurudwara(...","service":"user-service"}
{"level":"info","message":"Request received in controller/countries.js fetchCountries(...","service":"user-service"}
{"level":"info","message":"Request received in controller/countries.js fetchCountry(...","service":"user-service"}
{"level":"info","message":"Request received in controller/gurudwara.js fetchGurudwaras(...","service":"user-service"}
{"level":"info","message":"Request received in controller/gurudwara.js fetchGurudwara(...","service":"user-service"}
{"level":"info","message":"Request received in controller/gurus.js fetchGurus(...","service":"user-service"}
{"level":"info","message":"Request received in controller/gurus.js fetchGuru(...","service":"user-service"}
{"level":"info","message":"Request received in controller/countries.js fetchCountries(...","service":"user-service"}
{"level":"info","message":"Request received in controller/countries.js fetchCountry(...","service":"user-service"}
{"level":"info","message":"Request received in controller/state.js fetchStates(...","service":"user-service"}
{"level":"info","message":"Request received in controller/state.js fetchState(...","service":"user-service"}
{"level":"info","message":"Request received in controller/countries.js fetchStatesByCountry(...","service":"user-service"}
{"level":"info","message":"Request received in controller/district.js fetchDistricts(...","service":"user-service"}
{"level":"info","message":"Request received in controller/district.js fetchDistrict(...","service":"user-service"}
{"level":"info","message":"Request received in controller/district.js fetchDistrictsByState(...","service":"user-service"}
{"level":"info","message":"Request received in controller/location.js fetchLocations(...","service":"user-service"}
{"level":"info","message":"Request received in controller/location.js fetchLocation(...","service":"user-service"}
{"level":"info","message":"Request received in controller/location.js fetchLocationsByDisctrict(...","service":"user-service"}
{"level":"info","message":"Request received in controller/gurudwara.js fetchGurudwaras(...","service":"user-service"}
{"level":"info","message":"Request received in controller/gurudwara.js fetchGurudwaras(...","service":"user-service"}
{"level":"info","message":"Request received in controller/gurudwara.js fetchGurudwaras(...","service":"user-service"}
{"level":"info","message":"Request received in controller/gurus.js fetchGurus(...","service":"user-service"}
{"level":"info","message":"Request received in controller/gurus.js fetchGuru(...","service":"user-service"}
{"level":"info","message":"Request received in controller/gurus.js fetchGuru(...","service":"user-service"}
{"level":"info","message":"Request received in controller/gurudwara.js fetchGurudwaras(...","service":"user-service"}
{"level":"info","message":"Request received in controller/gurus.js fetchGurus(...","service":"user-service"}
{"level":"info","message":"Request received in controller/gurus.js fetchGurus(...","service":"user-service"}
{"level":"info","message":"Request received in controller/gurus.js fetchGurus(...","service":"user-service"}
{"level":"info","message":"Request received in controller/gurus.js fetchGurus(...","service":"user-service"}
{"level":"info","message":"Request received in controller/gurus.js fetchGuru(...","service":"user-service"}
{"level":"info","message":"Request received in controller/gurus.js fetchGuru(...","service":"user-service"}
{"level":"info","message":"Request received in controller/gurus.js fetchGuru(...","service":"user-service"}
{"level":"info","message":"Request received in controller/gurus.js fetchGurus(...","service":"user-service"}
{"level":"info","message":"Request received in controller/gurudwara.js fetchGurudwaras(...","service":"user-service"}
{"level":"info","message":"Request received in controller/gurudwara.js fetchGurudwara(...","service":"user-service"}
{"level":"info","message":"Request received in controller/gurus.js fetchGurus(...","service":"user-service"}
{"level":"info","message":"Request received in controller/gurus.js fetchGurus(...","service":"user-service"}
{"level":"info","message":"Request received in controller/gurudwara.js fetchGurudwaras(...","service":"user-service"}
{"level":"info","message":"Request received in controller/gurus.js fetchGuru(...","service":"user-service"}
{"level":"info","message":"Request received in controller/gurus.js fetchGurus(...","service":"user-service"}
{"level":"info","message":"Request received in controller/gurus.js fetchGurus(...","service":"user-service"}
{"level":"info","message":"Request received in controller/countries.js fetchCountries(...","service":"user-service"}
{"level":"info","message":"Request received in controller/countries.js fetchCountries(...","service":"user-service"}
{"level":"info","message":"Request received in controller/countries.js fetchCountry(...","service":"user-service"}
{"level":"info","message":"Request received in controller/countries.js fetchStatesByCountry(...","service":"user-service"}
{"level":"info","message":"Request received in controller/district.js fetchDistricts(...","service":"user-service"}
{"level":"info","message":"Request received in controller/district.js fetchDistrict(...","service":"user-service"}
{"level":"info","message":"Request received in controller/district.js fetchDistrictsByState(...","service":"user-service"}
{"level":"info","message":"Request received in controller/gurudwara.js fetchGurudwaras(...","service":"user-service"}
{"level":"info","message":"Request received in controller/gurudwara.js fetchGurudwara(...","service":"user-service"}
{"level":"info","message":"Request received in controller/gurus.js fetchGurus(...","service":"user-service"}
{"level":"info","message":"Request received in controller/gurus.js fetchGuru(...","service":"user-service"}
{"level":"info","message":"Request received in controller/location.js fetchLocations(...","service":"user-service"}
{"level":"info","message":"Request received in controller/location.js fetchLocation(...","service":"user-service"}
{"level":"info","message":"Request received in controller/location.js fetchLocationsByDisctrict(...","service":"user-service"}
{"level":"info","message":"Request received in controller/state.js fetchStates(...","service":"user-service"}
{"level":"info","message":"Request received in controller/state.js fetchState(...","service":"user-service"}
{"level":"info","message":"Request received in controller/gurus.js fetchGurus(...","service":"user-service"}
{"level":"info","message":"Request received in controller/state.js fetchState(...","service":"user-service"}
{"level":"info","message":"Request received in controller/gurudwara.js fetchGurudwaras(...","service":"user-service"}
{"level":"info","message":"Request received in controller/gurudwara.js fetchGurudwara(...","service":"user-service"}
{"level":"info","message":"Request received in controller/gurus.js fetchGurus(...","service":"user-service"}
{"level":"info","message":"Request received in controller/gurus.js fetchGuru(...","service":"user-service"}
{"level":"info","message":"Request received in controller/countries.js fetchCountries(...","service":"user-service"}
{"level":"info","message":"Request received in controller/countries.js fetchCountry(...","service":"user-service"}
{"level":"info","message":"Request received in controller/state.js fetchStates(...","service":"user-service"}
{"level":"info","message":"Request received in controller/state.js fetchState(...","service":"user-service"}
{"level":"info","message":"Request received in controller/countries.js fetchStatesByCountry(...","service":"user-service"}
{"level":"info","message":"Request received in controller/district.js fetchDistricts(...","service":"user-service"}
{"level":"info","message":"Request received in controller/district.js fetchDistrict(...","service":"user-service"}
{"level":"info","message":"Request received in controller/district.js fetchDistrictsByState(...","service":"user-service"}
{"level":"info","message":"Request received in controller/location.js fetchLocations(...","service":"user-service"}
{"level":"info","message":"Request received in controller/location.js fetchLocation(...","service":"user-service"}
{"level":"info","message":"Request received in controller/location.js fetchLocationsByDisctrict(...","service":"user-service"}
{"level":"info","message":"Request received in controller/gurus.js fetchGurus(...","service":"user-service"}
{"level":"info","message":"Request received in controller/gurus.js fetchGurus(...","service":"user-service"}
{"level":"info","message":"Request received in controller/gurus.js fetchGurus(...","service":"user-service"}
{"level":"info","message":"Request received in controller/gurus.js fetchGurus(...","service":"user-service"}
{"level":"info","message":"Request received in controller/gurus.js fetchGurus(...","service":"user-service"}
{"level":"info","message":"Request received in controller/gurus.js fetchGurus(...","service":"user-service"}
{"level":"info","message":"Request received in controller/gurus.js fetchGurus(...","service":"user-service"}
{"level":"info","message":"Request received in controller/gurus.js fetchGurus(...","service":"user-service"}
{"level":"info","message":"Request received in controller/gurus.js fetchGuru(...","service":"user-service"}
{"level":"info","message":"Request received in controller/gurus.js fetchGurus(...","service":"user-service"}
{"level":"info","message":"Request received in controller/gurus.js fetchGurus(...","service":"user-service"}
{"level":"info","message":"Request received in controller/gurus.js fetchGurus(...","service":"user-service"}
{"level":"info","message":"Request received in controller/location.js fetchLocations(...","service":"user-service"}
{"level":"info","message":"Request received in controller/location.js fetchLocationsByDisctrict(...","service":"user-service"}
{"level":"info","message":"Request received in controller/gurudwara.js fetchGurudwaras(...","service":"user-service"}
{"level":"info","message":"Request received in controller/gurudwara.js fetchGurudwaras(...","service":"user-service"}
{"level":"info","message":"Request received in controller/gurus.js fetchGurus(...","service":"user-service"}
{"level":"info","message":"Request received in controller/gurudwara.js fetchGurudwaras(...","service":"user-service"}
{"level":"info","message":"Request received in controller/gurudwara.js fetchGurudwara(...","service":"user-service"}
{"level":"info","message":"Request received in controller/gurudwara.js fetchGurudwaras(...","service":"user-service"}
{"level":"info","message":"Request received in controller/gurudwara.js fetchGurudwaras(...","service":"user-service"}
{"level":"info","message":"Request received in controller/gurudwara.js fetchGurudwara(...","service":"user-service"}
